!SESSION 2016-01-28 06:59:57.573 -----------------------------------------------
eclipse.buildId=4.5.0.I20150603-2000
java.version=1.8.0_65
java.vendor=Oracle Corporation
BootLoader constants: OS=win32, ARCH=x86_64, WS=win32, NL=en_US
Framework arguments:  -product org.eclipse.epp.package.cpp.product
Command-line arguments:  -os win32 -ws win32 -arch x86_64 -product org.eclipse.epp.package.cpp.product

!ENTRY org.eclipse.egit.ui 2 0 2016-01-28 07:00:37.976
!MESSAGE Warning: The environment variable HOME is not set. The following directory will be used to store the Git
user global configuration and to define the default location to store repositories: 'C:\Users\Chuang-jan'. If this is
not correct please set the HOME environment variable and restart Eclipse. Otherwise Git for Windows and
EGit might behave differently since they see different configuration options.
This warning can be switched off on the Team > Git > Confirmations and Warnings preference page.

!ENTRY org.eclipse.cdt.core 1 0 2016-01-28 07:01:26.721
!MESSAGE Indexed 'p62' (0 sources, 0 headers) in 0.002 sec: 0 declarations; 0 references; 0 unresolved inclusions; 0 syntax errors; 0 unresolved names (0%)

!ENTRY org.eclipse.cdt.core 1 0 2016-01-28 07:02:12.379
!MESSAGE Indexed 'p621' (1 sources, 38 headers) in 1.47 sec: 1,623 declarations; 2,615 references; 0 unresolved inclusions; 0 syntax errors; 0 unresolved names (0%)

!ENTRY org.eclipse.cdt.core 1 0 2016-01-28 07:03:50.545
!MESSAGE Indexed 'p62' (1 sources, 38 headers) in 0.328 sec: 1,624 declarations; 2,618 references; 0 unresolved inclusions; 0 syntax errors; 0 unresolved names (0%)

!ENTRY org.eclipse.cdt.core 1 0 2016-01-29 09:06:33.649
!MESSAGE Indexed 'p242' (1 sources, 38 headers) in 0.386 sec: 1,623 declarations; 2,615 references; 0 unresolved inclusions; 0 syntax errors; 0 unresolved names (0%)

!ENTRY org.eclipse.cdt.core 1 0 2016-01-30 07:04:28.342
!MESSAGE Indexed 'p259' (1 sources, 38 headers) in 0.508 sec: 1,623 declarations; 2,615 references; 0 unresolved inclusions; 0 syntax errors; 0 unresolved names (0%)
!SESSION 2016-02-05 19:24:21.161 -----------------------------------------------
eclipse.buildId=4.5.0.I20150603-2000
java.version=1.8.0_65
java.vendor=Oracle Corporation
BootLoader constants: OS=win32, ARCH=x86_64, WS=win32, NL=en_US
Framework arguments:  -product org.eclipse.epp.package.cpp.product
Command-line arguments:  -os win32 -ws win32 -arch x86_64 -product org.eclipse.epp.package.cpp.product

!ENTRY org.eclipse.core.resources 2 10035 2016-02-05 19:24:51.749
!MESSAGE The workspace exited with unsaved changes in the previous session; refreshing workspace to recover changes.

!ENTRY org.eclipse.egit.ui 2 0 2016-02-05 19:25:12.235
!MESSAGE Warning: The environment variable HOME is not set. The following directory will be used to store the Git
user global configuration and to define the default location to store repositories: 'C:\Users\Chuang-jan'. If this is
not correct please set the HOME environment variable and restart Eclipse. Otherwise Git for Windows and
EGit might behave differently since they see different configuration options.
This warning can be switched off on the Team > Git > Confirmations and Warnings preference page.

!ENTRY org.eclipse.cdt.core 1 0 2016-02-05 19:26:23.261
!MESSAGE Indexed 'p284' (1 sources, 38 headers) in 0.96 sec: 1,623 declarations; 2,615 references; 0 unresolved inclusions; 0 syntax errors; 0 unresolved names (0%)

!ENTRY org.eclipse.cdt.core 1 0 2016-02-05 23:04:39.693
!MESSAGE Indexed 'p298' (1 sources, 38 headers) in 0.236 sec: 1,623 declarations; 2,615 references; 0 unresolved inclusions; 0 syntax errors; 0 unresolved names (0%)

!ENTRY org.eclipse.cdt.core 1 0 2016-02-05 23:07:47.292
!MESSAGE Indexed 'p062' (1 sources, 30 headers) in 0.168 sec: 1,146 declarations; 2,085 references; 0 unresolved inclusions; 0 syntax errors; 0 unresolved names (0%)

!ENTRY org.eclipse.cdt.core 1 0 2016-02-09 14:55:08.392
!MESSAGE Indexed 'p366_hfcal' (1 sources, 38 headers) in 0.665 sec: 1,623 declarations; 2,615 references; 0 unresolved inclusions; 0 syntax errors; 0 unresolved names (0%)

!ENTRY org.eclipse.debug.core 4 125 2016-02-09 15:21:57.306
!MESSAGE Error logged from Debug Core: 
!STACK 0
java.io.IOException: W
	at org.eclipse.cdt.utils.spawner.SpawnerInputStream.read0(Native Method)
	at org.eclipse.cdt.utils.spawner.SpawnerInputStream.read(SpawnerInputStream.java:66)
	at java.io.BufferedInputStream.read1(Unknown Source)
	at java.io.BufferedInputStream.read(Unknown Source)
	at java.io.FilterInputStream.read(Unknown Source)
	at org.eclipse.debug.internal.core.OutputStreamMonitor.read(OutputStreamMonitor.java:147)
	at org.eclipse.debug.internal.core.OutputStreamMonitor.access$1(OutputStreamMonitor.java:137)
	at org.eclipse.debug.internal.core.OutputStreamMonitor$1.run(OutputStreamMonitor.java:212)
	at java.lang.Thread.run(Unknown Source)

!ENTRY org.eclipse.debug.core 4 125 2016-02-09 15:21:57.352
!MESSAGE Error logged from Debug Core: 
!STACK 0
java.io.IOException: W
	at org.eclipse.cdt.utils.spawner.SpawnerInputStream.read0(Native Method)
	at org.eclipse.cdt.utils.spawner.SpawnerInputStream.read(SpawnerInputStream.java:66)
	at java.io.BufferedInputStream.read1(Unknown Source)
	at java.io.BufferedInputStream.read(Unknown Source)
	at java.io.FilterInputStream.read(Unknown Source)
	at org.eclipse.debug.internal.core.OutputStreamMonitor.read(OutputStreamMonitor.java:147)
	at org.eclipse.debug.internal.core.OutputStreamMonitor.access$1(OutputStreamMonitor.java:137)
	at org.eclipse.debug.internal.core.OutputStreamMonitor$1.run(OutputStreamMonitor.java:212)
	at java.lang.Thread.run(Unknown Source)

!ENTRY org.eclipse.debug.core 4 125 2016-02-09 15:22:12.913
!MESSAGE Error logged from Debug Core: 
!STACK 0
java.io.IOException: W
	at org.eclipse.cdt.utils.spawner.SpawnerInputStream.read0(Native Method)
	at org.eclipse.cdt.utils.spawner.SpawnerInputStream.read(SpawnerInputStream.java:66)
	at java.io.BufferedInputStream.read1(Unknown Source)
	at java.io.BufferedInputStream.read(Unknown Source)
	at java.io.FilterInputStream.read(Unknown Source)
	at org.eclipse.debug.internal.core.OutputStreamMonitor.read(OutputStreamMonitor.java:147)
	at org.eclipse.debug.internal.core.OutputStreamMonitor.access$1(OutputStreamMonitor.java:137)
	at org.eclipse.debug.internal.core.OutputStreamMonitor$1.run(OutputStreamMonitor.java:212)
	at java.lang.Thread.run(Unknown Source)

!ENTRY org.eclipse.debug.core 4 125 2016-02-09 15:22:12.977
!MESSAGE Error logged from Debug Core: 
!STACK 0
java.io.IOException: W
	at org.eclipse.cdt.utils.spawner.SpawnerInputStream.read0(Native Method)
	at org.eclipse.cdt.utils.spawner.SpawnerInputStream.read(SpawnerInputStream.java:66)
	at java.io.BufferedInputStream.read1(Unknown Source)
	at java.io.BufferedInputStream.read(Unknown Source)
	at java.io.FilterInputStream.read(Unknown Source)
	at org.eclipse.debug.internal.core.OutputStreamMonitor.read(OutputStreamMonitor.java:147)
	at org.eclipse.debug.internal.core.OutputStreamMonitor.access$1(OutputStreamMonitor.java:137)
	at org.eclipse.debug.internal.core.OutputStreamMonitor$1.run(OutputStreamMonitor.java:212)
	at java.lang.Thread.run(Unknown Source)

!ENTRY org.eclipse.cdt.core 1 0 2016-02-09 15:35:22.408
!MESSAGE Indexed 'p366_make' (2 sources, 39 headers) in 0.18 sec: 1,630 declarations; 2,622 references; 0 unresolved inclusions; 0 syntax errors; 0 unresolved names (0%)

!ENTRY org.eclipse.cdt.core 1 0 2016-02-12 00:08:40.225
!MESSAGE Indexed 'libhfcal.a' (0 sources, 0 headers) in 0.001 sec: 0 declarations; 0 references; 0 unresolved inclusions; 0 syntax errors; 0 unresolved names (0%)

!ENTRY org.eclipse.cdt.core 1 0 2016-02-12 00:23:46.354
!MESSAGE Indexed 'hfcal' (2 sources, 39 headers) in 0.289 sec: 1,630 declarations; 2,622 references; 0 unresolved inclusions; 0 syntax errors; 0 unresolved names (0%)

!ENTRY org.eclipse.cdt.core 1 0 2016-02-12 00:26:11.214
!MESSAGE Indexed 'p366' (2 sources, 39 headers) in 0.183 sec: 1,630 declarations; 2,622 references; 0 unresolved inclusions; 0 syntax errors; 0 unresolved names (0%)

!ENTRY org.eclipse.cdt.core 1 0 2016-02-12 00:28:30.952
!MESSAGE Indexed 'hfcal' (2 sources, 39 headers) in 0.177 sec: 1,630 declarations; 2,622 references; 0 unresolved inclusions; 0 syntax errors; 0 unresolved names (0%)
!SESSION 2016-02-16 08:52:05.983 -----------------------------------------------
eclipse.buildId=4.5.0.I20150603-2000
java.version=1.8.0_65
java.vendor=Oracle Corporation
BootLoader constants: OS=win32, ARCH=x86_64, WS=win32, NL=en_US
Framework arguments:  -product org.eclipse.epp.package.cpp.product
Command-line arguments:  -os win32 -ws win32 -arch x86_64 -product org.eclipse.epp.package.cpp.product

!ENTRY org.eclipse.core.resources 2 10035 2016-02-16 08:52:50.303
!MESSAGE The workspace exited with unsaved changes in the previous session; refreshing workspace to recover changes.

!ENTRY org.eclipse.egit.ui 2 0 2016-02-16 08:53:07.634
!MESSAGE Warning: The environment variable HOME is not set. The following directory will be used to store the Git
user global configuration and to define the default location to store repositories: 'C:\Users\Chuang-jan'. If this is
not correct please set the HOME environment variable and restart Eclipse. Otherwise Git for Windows and
EGit might behave differently since they see different configuration options.
This warning can be switched off on the Team > Git > Confirmations and Warnings preference page.

!ENTRY org.eclipse.ui 4 4 2016-02-16 09:13:00.138
!MESSAGE Unable to create part

!ENTRY org.eclipse.core.filebuffers 4 0 2016-02-16 09:13:00.285
!MESSAGE Cannot determine URI for '/p62/src/p62.c'.
!STACK 1
org.eclipse.core.runtime.CoreException: Cannot determine URI for '/p62/src/p62.c'.
	at org.eclipse.core.internal.filebuffers.ResourceFileBuffer.create(ResourceFileBuffer.java:238)
	at org.eclipse.core.internal.filebuffers.TextFileBufferManager.connect(TextFileBufferManager.java:112)
	at org.eclipse.ui.editors.text.TextFileDocumentProvider.createFileInfo(TextFileDocumentProvider.java:559)
	at org.eclipse.cdt.internal.ui.editor.CDocumentProvider.createFileInfo(CDocumentProvider.java:794)
	at org.eclipse.ui.editors.text.TextFileDocumentProvider.connect(TextFileDocumentProvider.java:478)
	at org.eclipse.cdt.internal.ui.editor.CDocumentProvider.connect(CDocumentProvider.java:726)
	at org.eclipse.ui.texteditor.AbstractTextEditor.doSetInput(AbstractTextEditor.java:4233)
	at org.eclipse.ui.texteditor.StatusTextEditor.doSetInput(StatusTextEditor.java:237)
	at org.eclipse.ui.texteditor.AbstractDecoratedTextEditor.doSetInput(AbstractDecoratedTextEditor.java:1480)
	at org.eclipse.ui.editors.text.TextEditor.doSetInput(TextEditor.java:169)
	at org.eclipse.cdt.internal.ui.editor.CEditor.internalDoSetInput(CEditor.java:1429)
	at org.eclipse.cdt.internal.ui.editor.CEditor.doSetInput(CEditor.java:1394)
	at org.eclipse.ui.texteditor.AbstractTextEditor$19.run(AbstractTextEditor.java:3220)
	at org.eclipse.jface.operation.ModalContext.runInCurrentThread(ModalContext.java:463)
	at org.eclipse.jface.operation.ModalContext.run(ModalContext.java:371)
	at org.eclipse.ui.internal.WorkbenchWindow$14.run(WorkbenchWindow.java:2156)
	at org.eclipse.swt.custom.BusyIndicator.showWhile(BusyIndicator.java:70)
	at org.eclipse.ui.internal.WorkbenchWindow.run(WorkbenchWindow.java:2152)
	at org.eclipse.ui.texteditor.AbstractTextEditor.internalInit(AbstractTextEditor.java:3238)
	at org.eclipse.ui.texteditor.AbstractTextEditor.init(AbstractTextEditor.java:3265)
	at org.eclipse.ui.internal.EditorReference.initialize(EditorReference.java:361)
	at org.eclipse.ui.internal.e4.compatibility.CompatibilityPart.create(CompatibilityPart.java:319)
	at sun.reflect.NativeMethodAccessorImpl.invoke0(Native Method)
	at sun.reflect.NativeMethodAccessorImpl.invoke(Unknown Source)
	at sun.reflect.DelegatingMethodAccessorImpl.invoke(Unknown Source)
	at java.lang.reflect.Method.invoke(Unknown Source)
	at org.eclipse.e4.core.internal.di.MethodRequestor.execute(MethodRequestor.java:56)
	at org.eclipse.e4.core.internal.di.InjectorImpl.processAnnotated(InjectorImpl.java:898)
	at org.eclipse.e4.core.internal.di.InjectorImpl.processAnnotated(InjectorImpl.java:879)
	at org.eclipse.e4.core.internal.di.InjectorImpl.inject(InjectorImpl.java:121)
	at org.eclipse.e4.core.internal.di.InjectorImpl.internalMake(InjectorImpl.java:345)
	at org.eclipse.e4.core.internal.di.InjectorImpl.make(InjectorImpl.java:264)
	at org.eclipse.e4.core.contexts.ContextInjectionFactory.make(ContextInjectionFactory.java:162)
	at org.eclipse.e4.ui.internal.workbench.ReflectionContributionFactory.createFromBundle(ReflectionContributionFactory.java:104)
	at org.eclipse.e4.ui.internal.workbench.ReflectionContributionFactory.doCreate(ReflectionContributionFactory.java:73)
	at org.eclipse.e4.ui.internal.workbench.ReflectionContributionFactory.create(ReflectionContributionFactory.java:55)
	at org.eclipse.e4.ui.workbench.renderers.swt.ContributedPartRenderer.createWidget(ContributedPartRenderer.java:129)
	at org.eclipse.e4.ui.internal.workbench.swt.PartRenderingEngine.createWidget(PartRenderingEngine.java:971)
	at org.eclipse.e4.ui.internal.workbench.swt.PartRenderingEngine.safeCreateGui(PartRenderingEngine.java:640)
	at org.eclipse.e4.ui.internal.workbench.swt.PartRenderingEngine.safeCreateGui(PartRenderingEngine.java:746)
	at org.eclipse.e4.ui.internal.workbench.swt.PartRenderingEngine.access$0(PartRenderingEngine.java:717)
	at org.eclipse.e4.ui.internal.workbench.swt.PartRenderingEngine$2.run(PartRenderingEngine.java:711)
	at org.eclipse.core.runtime.SafeRunner.run(SafeRunner.java:42)
	at org.eclipse.e4.ui.internal.workbench.swt.PartRenderingEngine.createGui(PartRenderingEngine.java:695)
	at org.eclipse.e4.ui.workbench.renderers.swt.StackRenderer.showTab(StackRenderer.java:1306)
	at org.eclipse.e4.ui.workbench.renderers.swt.LazyStackRenderer$1.handleEvent(LazyStackRenderer.java:72)
	at org.eclipse.e4.ui.services.internal.events.UIEventHandler$1.run(UIEventHandler.java:40)
	at org.eclipse.swt.widgets.Synchronizer.syncExec(Synchronizer.java:186)
	at org.eclipse.ui.internal.UISynchronizer.syncExec(UISynchronizer.java:145)
	at org.eclipse.swt.widgets.Display.syncExec(Display.java:4761)
	at org.eclipse.e4.ui.internal.workbench.swt.E4Application$1.syncExec(E4Application.java:211)
	at org.eclipse.e4.ui.services.internal.events.UIEventHandler.handleEvent(UIEventHandler.java:36)
	at org.eclipse.equinox.internal.event.EventHandlerWrapper.handleEvent(EventHandlerWrapper.java:197)
	at org.eclipse.equinox.internal.event.EventHandlerTracker.dispatchEvent(EventHandlerTracker.java:197)
	at org.eclipse.equinox.internal.event.EventHandlerTracker.dispatchEvent(EventHandlerTracker.java:1)
	at org.eclipse.osgi.framework.eventmgr.EventManager.dispatchEvent(EventManager.java:230)
	at org.eclipse.osgi.framework.eventmgr.ListenerQueue.dispatchEventSynchronous(ListenerQueue.java:148)
	at org.eclipse.equinox.internal.event.EventAdminImpl.dispatchEvent(EventAdminImpl.java:135)
	at org.eclipse.equinox.internal.event.EventAdminImpl.sendEvent(EventAdminImpl.java:78)
	at org.eclipse.equinox.internal.event.EventComponent.sendEvent(EventComponent.java:39)
	at org.eclipse.e4.ui.services.internal.events.EventBroker.send(EventBroker.java:85)
	at org.eclipse.e4.ui.internal.workbench.UIEventPublisher.notifyChanged(UIEventPublisher.java:59)
	at org.eclipse.emf.common.notify.impl.BasicNotifierImpl.eNotify(BasicNotifierImpl.java:374)
	at org.eclipse.e4.ui.model.application.ui.impl.ElementContainerImpl.setSelectedElement(ElementContainerImpl.java:171)
	at org.eclipse.e4.ui.workbench.renderers.swt.StackRenderer$9.widgetSelected(StackRenderer.java:1084)
	at org.eclipse.swt.widgets.TypedListener.handleEvent(TypedListener.java:248)
	at org.eclipse.swt.widgets.EventTable.sendEvent(EventTable.java:84)
	at org.eclipse.swt.widgets.Display.sendEvent(Display.java:4362)
	at org.eclipse.swt.widgets.Widget.sendEvent(Widget.java:1113)
	at org.eclipse.swt.widgets.Widget.sendEvent(Widget.java:1137)
	at org.eclipse.swt.widgets.Widget.sendEvent(Widget.java:1122)
	at org.eclipse.swt.widgets.Widget.notifyListeners(Widget.java:788)
	at org.eclipse.swt.custom.CTabFolder.setSelection(CTabFolder.java:3158)
	at org.eclipse.swt.custom.CTabFolder.onMouse(CTabFolder.java:1841)
	at org.eclipse.swt.custom.CTabFolder$1.handleEvent(CTabFolder.java:330)
	at org.eclipse.swt.widgets.EventTable.sendEvent(EventTable.java:84)
	at org.eclipse.swt.widgets.Display.sendEvent(Display.java:4362)
	at org.eclipse.swt.widgets.Widget.sendEvent(Widget.java:1113)
	at org.eclipse.swt.widgets.Display.runDeferredEvents(Display.java:4180)
	at org.eclipse.swt.widgets.Display.readAndDispatch(Display.java:3769)
	at org.eclipse.e4.ui.internal.workbench.swt.PartRenderingEngine$4.run(PartRenderingEngine.java:1127)
	at org.eclipse.core.databinding.observable.Realm.runWithDefault(Realm.java:337)
	at org.eclipse.e4.ui.internal.workbench.swt.PartRenderingEngine.run(PartRenderingEngine.java:1018)
	at org.eclipse.e4.ui.internal.workbench.E4Workbench.createAndRunUI(E4Workbench.java:156)
	at org.eclipse.ui.internal.Workbench$5.run(Workbench.java:654)
	at org.eclipse.core.databinding.observable.Realm.runWithDefault(Realm.java:337)
	at org.eclipse.ui.internal.Workbench.createAndRunWorkbench(Workbench.java:598)
	at org.eclipse.ui.PlatformUI.createAndRunWorkbench(PlatformUI.java:150)
	at org.eclipse.ui.internal.ide.application.IDEApplication.start(IDEApplication.java:139)
	at org.eclipse.equinox.internal.app.EclipseAppHandle.run(EclipseAppHandle.java:196)
	at org.eclipse.core.runtime.internal.adaptor.EclipseAppLauncher.runApplication(EclipseAppLauncher.java:134)
	at org.eclipse.core.runtime.internal.adaptor.EclipseAppLauncher.start(EclipseAppLauncher.java:104)
	at org.eclipse.core.runtime.adaptor.EclipseStarter.run(EclipseStarter.java:380)
	at org.eclipse.core.runtime.adaptor.EclipseStarter.run(EclipseStarter.java:235)
	at sun.reflect.NativeMethodAccessorImpl.invoke0(Native Method)
	at sun.reflect.NativeMethodAccessorImpl.invoke(Unknown Source)
	at sun.reflect.DelegatingMethodAccessorImpl.invoke(Unknown Source)
	at java.lang.reflect.Method.invoke(Unknown Source)
	at org.eclipse.equinox.launcher.Main.invokeFramework(Main.java:669)
	at org.eclipse.equinox.launcher.Main.basicRun(Main.java:608)
	at org.eclipse.equinox.launcher.Main.run(Main.java:1515)
!SUBENTRY 1 org.eclipse.core.filebuffers 4 0 2016-02-16 09:13:00.300
!MESSAGE Cannot determine URI for '/p62/src/p62.c'.

!ENTRY org.eclipse.cdt.core 1 0 2016-02-19 11:09:25.737
!MESSAGE Indexed 'p057' (1 sources, 38 headers) in 1.71 sec: 1,623 declarations; 2,615 references; 0 unresolved inclusions; 0 syntax errors; 0 unresolved names (0%)
!SESSION 2016-02-19 12:10:36.363 -----------------------------------------------
eclipse.buildId=4.5.0.I20150603-2000
java.version=1.8.0_65
java.vendor=Oracle Corporation
BootLoader constants: OS=win32, ARCH=x86_64, WS=win32, NL=en_US
Framework arguments:  -product org.eclipse.epp.package.cpp.product
Command-line arguments:  -os win32 -ws win32 -arch x86_64 -product org.eclipse.epp.package.cpp.product

!ENTRY org.eclipse.egit.ui 2 0 2016-02-19 12:11:07.172
!MESSAGE Warning: The environment variable HOME is not set. The following directory will be used to store the Git
user global configuration and to define the default location to store repositories: 'C:\Users\Chuang-jan'. If this is
not correct please set the HOME environment variable and restart Eclipse. Otherwise Git for Windows and
EGit might behave differently since they see different configuration options.
This warning can be switched off on the Team > Git > Confirmations and Warnings preference page.

!ENTRY org.eclipse.cdt.core 1 0 2016-02-19 12:11:36.432
!MESSAGE Indexed 'p065' (1 sources, 38 headers) in 0.818 sec: 1,623 declarations; 2,615 references; 0 unresolved inclusions; 0 syntax errors; 0 unresolved names (0%)

!ENTRY org.eclipse.cdt.core 1 0 2016-02-19 12:20:11.903
!MESSAGE Indexed 'p065-3' (1 sources, 38 headers) in 0.353 sec: 1,623 declarations; 2,615 references; 0 unresolved inclusions; 0 syntax errors; 0 unresolved names (0%)

!ENTRY org.eclipse.cdt.core 1 0 2016-02-19 12:20:46.088
!MESSAGE Indexed 'p065-2' (1 sources, 38 headers) in 0.284 sec: 1,623 declarations; 2,615 references; 0 unresolved inclusions; 0 syntax errors; 0 unresolved names (0%)
!SESSION 2016-02-25 22:13:59.028 -----------------------------------------------
eclipse.buildId=4.5.0.I20150603-2000
java.version=1.8.0_65
java.vendor=Oracle Corporation
BootLoader constants: OS=win32, ARCH=x86_64, WS=win32, NL=en_US
Framework arguments:  -product org.eclipse.epp.package.cpp.product
Command-line arguments:  -os win32 -ws win32 -arch x86_64 -product org.eclipse.epp.package.cpp.product

!ENTRY org.eclipse.egit.ui 2 0 2016-02-25 22:14:31.428
!MESSAGE Warning: The environment variable HOME is not set. The following directory will be used to store the Git
user global configuration and to define the default location to store repositories: 'C:\Users\Chuang-jan'. If this is
not correct please set the HOME environment variable and restart Eclipse. Otherwise Git for Windows and
EGit might behave differently since they see different configuration options.
This warning can be switched off on the Team > Git > Confirmations and Warnings preference page.

!ENTRY org.eclipse.cdt.core 1 0 2016-02-25 22:41:43.869
!MESSAGE Indexed 'p065-1' (1 sources, 38 headers) in 0.973 sec: 1,624 declarations; 2,624 references; 0 unresolved inclusions; 0 syntax errors; 0 unresolved names (0%)

!ENTRY org.eclipse.cdt.core 1 0 2016-02-25 22:47:49.558
!MESSAGE Indexed 'P-66' (1 sources, 38 headers) in 0.376 sec: 1,623 declarations; 2,615 references; 0 unresolved inclusions; 0 syntax errors; 0 unresolved names (0%)

!ENTRY org.eclipse.cdt.core 1 0 2016-02-25 22:48:20.851
!MESSAGE Indexed 'P066' (1 sources, 38 headers) in 0.267 sec: 1,623 declarations; 2,615 references; 0 unresolved inclusions; 0 syntax errors; 0 unresolved names (0%)

!ENTRY org.eclipse.cdt.core 1 0 2016-02-25 23:02:19.152
!MESSAGE Indexed 'P069' (1 sources, 38 headers) in 0.259 sec: 1,623 declarations; 2,615 references; 0 unresolved inclusions; 0 syntax errors; 0 unresolved names (0%)

!ENTRY org.eclipse.cdt.core 1 0 2016-02-25 23:05:13.733
!MESSAGE Indexed 'P069-72' (1 sources, 38 headers) in 0.229 sec: 1,625 declarations; 2,627 references; 0 unresolved inclusions; 0 syntax errors; 0 unresolved names (0%)

!ENTRY org.eclipse.cdt.core 1 0 2016-02-25 23:12:36.333
!MESSAGE Indexed 'P074' (1 sources, 38 headers) in 0.239 sec: 1,623 declarations; 2,615 references; 0 unresolved inclusions; 0 syntax errors; 0 unresolved names (0%)

!ENTRY org.eclipse.cdt.core 1 0 2016-02-25 23:15:30.255
!MESSAGE Indexed 'P074-2' (1 sources, 38 headers) in 0.205 sec: 1,624 declarations; 2,615 references; 0 unresolved inclusions; 0 syntax errors; 0 unresolved names (0%)

!ENTRY org.eclipse.cdt.core 1 0 2016-02-25 23:26:12.872
!MESSAGE Indexed 'P074-1' (1 sources, 38 headers) in 0.181 sec: 1,624 declarations; 2,615 references; 0 unresolved inclusions; 0 syntax errors; 0 unresolved names (0%)

!ENTRY org.eclipse.cdt.core 1 0 2016-02-25 23:27:35.656
!MESSAGE Indexed 'P074-2' (1 sources, 38 headers) in 0.138 sec: 1,627 declarations; 2,617 references; 0 unresolved inclusions; 0 syntax errors; 0 unresolved names (0%)

!ENTRY org.eclipse.cdt.core 1 0 2016-02-25 23:37:34.806
!MESSAGE Indexed 'p078' (1 sources, 38 headers) in 0.158 sec: 1,623 declarations; 2,615 references; 0 unresolved inclusions; 0 syntax errors; 0 unresolved names (0%)
!SESSION 2016-02-26 06:13:02.968 -----------------------------------------------
eclipse.buildId=4.5.0.I20150603-2000
java.version=1.8.0_65
java.vendor=Oracle Corporation
BootLoader constants: OS=win32, ARCH=x86_64, WS=win32, NL=en_US
Framework arguments:  -product org.eclipse.epp.package.cpp.product
Command-line arguments:  -os win32 -ws win32 -arch x86_64 -product org.eclipse.epp.package.cpp.product

!ENTRY org.eclipse.egit.ui 2 0 2016-02-26 06:14:35.350
!MESSAGE Warning: The environment variable HOME is not set. The following directory will be used to store the Git
user global configuration and to define the default location to store repositories: 'C:\Users\Chuang-jan'. If this is
not correct please set the HOME environment variable and restart Eclipse. Otherwise Git for Windows and
EGit might behave differently since they see different configuration options.
This warning can be switched off on the Team > Git > Confirmations and Warnings preference page.

!ENTRY org.eclipse.cdt.core 1 0 2016-02-26 06:30:34.463
!MESSAGE Indexed 'p089' (1 sources, 38 headers) in 0.985 sec: 1,623 declarations; 2,615 references; 0 unresolved inclusions; 0 syntax errors; 0 unresolved names (0%)

!ENTRY org.eclipse.cdt.core 1 0 2016-02-26 06:33:54.040
!MESSAGE Indexed 'p090' (1 sources, 38 headers) in 0.321 sec: 1,623 declarations; 2,615 references; 0 unresolved inclusions; 0 syntax errors; 0 unresolved names (0%)

!ENTRY org.eclipse.cdt.core 1 0 2016-02-26 06:40:59.896
!MESSAGE Indexed 'p091-1' (1 sources, 38 headers) in 0.281 sec: 1,623 declarations; 2,615 references; 0 unresolved inclusions; 0 syntax errors; 0 unresolved names (0%)

!ENTRY org.eclipse.cdt.core 1 0 2016-02-26 14:46:00.032
!MESSAGE Indexed 'p399' (0 sources, 0 headers) in 0 sec: 0 declarations; 0 references; 0 unresolved inclusions; 0 syntax errors; 0 unresolved names (0%)

!ENTRY org.eclipse.cdt.core 1 0 2016-02-26 14:46:41.295
!MESSAGE Indexed 'p399' (1 sources, 38 headers) in 0.186 sec: 1,623 declarations; 2,615 references; 0 unresolved inclusions; 0 syntax errors; 0 unresolved names (0%)

!ENTRY org.eclipse.cdt.core 1 0 2016-02-27 14:58:55.952
!MESSAGE Indexed 'p402' (1 sources, 38 headers) in 0.169 sec: 1,623 declarations; 2,615 references; 0 unresolved inclusions; 0 syntax errors; 0 unresolved names (0%)

!ENTRY org.eclipse.linuxtools.valgrind.launch 4 0 2016-02-27 16:09:14.594
!MESSAGE Couldn't determine version of Valgrind
!STACK 0
java.io.IOException: INFO: Could not find files for the given pattern(s).
	at org.eclipse.linuxtools.tools.launch.core.factory.RuntimeProcessFactory.whichCommand(RuntimeProcessFactory.java:103)
	at org.eclipse.linuxtools.tools.launch.core.factory.RuntimeProcessFactory.fillPathCommand(RuntimeProcessFactory.java:58)
	at org.eclipse.linuxtools.tools.launch.core.factory.RuntimeProcessFactory.exec(RuntimeProcessFactory.java:262)
	at org.eclipse.linuxtools.tools.launch.core.factory.RuntimeProcessFactory.exec(RuntimeProcessFactory.java:239)
	at org.eclipse.linuxtools.tools.launch.core.factory.RuntimeProcessFactory.exec(RuntimeProcessFactory.java:187)
	at org.eclipse.linuxtools.tools.launch.core.factory.RuntimeProcessFactory.exec(RuntimeProcessFactory.java:172)
	at org.eclipse.linuxtools.internal.valgrind.core.ValgrindCommand.whichVersion(ValgrindCommand.java:37)
	at org.eclipse.linuxtools.internal.valgrind.launch.ValgrindLaunchPlugin.getValgrindVersion(ValgrindLaunchPlugin.java:110)
	at org.eclipse.linuxtools.internal.valgrind.launch.ValgrindLaunchConfigurationDelegate.launch(ValgrindLaunchConfigurationDelegate.java:114)
	at org.eclipse.linuxtools.internal.profiling.launch.provider.launch.ProviderLaunchConfigurationDelegate.launch(ProviderLaunchConfigurationDelegate.java:88)
	at org.eclipse.debug.internal.core.LaunchConfiguration.launch(LaunchConfiguration.java:885)
	at org.eclipse.debug.internal.core.LaunchConfiguration.launch(LaunchConfiguration.java:739)
	at org.eclipse.debug.internal.ui.DebugUIPlugin.buildAndLaunch(DebugUIPlugin.java:1039)
	at org.eclipse.debug.internal.ui.DebugUIPlugin$8.run(DebugUIPlugin.java:1256)
	at org.eclipse.core.internal.jobs.Worker.run(Worker.java:55)

!ENTRY org.eclipse.cdt.core 1 0 2016-02-27 16:51:08.486
!MESSAGE Indexed 'p402-1' (1 sources, 38 headers) in 0.156 sec: 1,623 declarations; 2,615 references; 0 unresolved inclusions; 0 syntax errors; 0 unresolved names (0%)

!ENTRY org.eclipse.cdt.core 1 0 2016-02-28 15:59:12.662
!MESSAGE Indexed 'p407' (1 sources, 38 headers) in 0.255 sec: 1,623 declarations; 2,615 references; 0 unresolved inclusions; 0 syntax errors; 0 unresolved names (0%)

!ENTRY org.eclipse.cdt.core 1 0 2016-02-28 16:00:56.537
!MESSAGE Indexed 'p407-test' (1 sources, 38 headers) in 0.13 sec: 1,623 declarations; 2,615 references; 0 unresolved inclusions; 0 syntax errors; 0 unresolved names (0%)
!SESSION 2016-03-10 15:23:14.657 -----------------------------------------------
eclipse.buildId=4.5.0.I20150603-2000
java.version=1.8.0_65
java.vendor=Oracle Corporation
BootLoader constants: OS=win32, ARCH=x86_64, WS=win32, NL=en_US
Framework arguments:  -product org.eclipse.epp.package.cpp.product
Command-line arguments:  -os win32 -ws win32 -arch x86_64 -product org.eclipse.epp.package.cpp.product

!ENTRY org.eclipse.core.resources 2 10035 2016-03-10 15:23:25.030
!MESSAGE The workspace exited with unsaved changes in the previous session; refreshing workspace to recover changes.

!ENTRY org.eclipse.egit.ui 2 0 2016-03-10 15:23:51.669
!MESSAGE Warning: The environment variable HOME is not set. The following directory will be used to store the Git
user global configuration and to define the default location to store repositories: 'C:\Users\Chuang-jan'. If this is
not correct please set the HOME environment variable and restart Eclipse. Otherwise Git for Windows and
EGit might behave differently since they see different configuration options.
This warning can be switched off on the Team > Git > Confirmations and Warnings preference page.
