18:23:51 **** Build of configuration Debug for project p139-p140 ****
make all 
Building file: ../src/p139.c
Invoking: Cygwin C Compiler
gcc -O0 -g3 -Wall -c -fmessage-length=0 -MMD -MP -MF"src/p139.d" -MT"src/p139.d" -o "src/p139.o" "../src/p139.c"
../src/p139.c: In function 'main':
../src/p139.c:21:9: warning: unused variable 'f_name_3' [-Wunused-variable]
   char *f_name_3 = "..//hfc/csv//spooky.csv";
         ^
../src/p139.c:20:9: warning: unused variable 'f_name_2' [-Wunused-variable]
   char *f_name_2 = "..\\hfc\\csv\\spooky.csv";
         ^
../src/p139.c:19:9: warning: unused variable 'f_name_1' [-Wunused-variable]
   char *f_name_1 = "..\\..\\workspace\\hfc\\csv\\spooky.csv";
         ^
../src/p139.c:18:9: warning: unused variable 'f_name_0' [-Wunused-variable]
   char *f_name_0 = "C:\\Users\\Chuang-jan\\OneDrive\\02016-H.F.C\\workspace\\hfc\\csv\\spooky.csv";
         ^
Finished building: ../src/p139.c
 
Building target: p139-p140.exe
Invoking: Cygwin C Linker
gcc  -o "p139-p140.exe"  ./src/p139.o   
Finished building target: p139-p140.exe
 

18:23:52 Build Finished (took 743ms)

